<?xml version="1.0" encoding="UTF-8"?>
<testsuite xmlns:xsi="http://www.w3.org/2001/XMLSchema-instance" xsi:noNamespaceSchemaLocation="https://maven.apache.org/surefire/maven-surefire-plugin/xsd/surefire-test-report-3.0.xsd" version="3.0" name="com.example.HelloWorld.HelloWorldApplicationTests" time="10.606" tests="2" errors="0" skipped="0" failures="0">
  <properties>
[...]
</properties>
  <testcase name="testHelloWorldConstructor" classname="com.example.HelloWorld.HelloWorldApplicationTests" time="0.863"/>
  <testcase name="testHelloWorldApplicationMain" classname="com.example.HelloWorld.HelloWorldApplicationTests" time="2.422"/>
</testsuite>